Performing C SOURCE FILE Test CMAKE_HAVE_LIBC_PTHREAD failed with the following output:
Change Dir: C:/Users/debea/Documents/IMAC/IMAC_2/STAGE/libuvc_test/webcam_libuvc/build/CMakeFiles/CMakeScratch/TryCompile-buctfo

Run Build Command(s):C:/PROGRA~2/MICROS~4/2019/COMMUN~1/Common7/IDE/COMMON~1/MICROS~1/CMake/Ninja/ninja.exe cmTC_c37f2 && [1/2] Building C object CMakeFiles\cmTC_c37f2.dir\src.c.obj
FAILED: CMakeFiles/cmTC_c37f2.dir/src.c.obj 
C:\PROGRA~2\MICROS~4\2019\COMMUN~1\VC\Tools\Llvm\bin\clang-cl.exe  /nologo -DCMAKE_HAVE_LIBC_PTHREAD  /DWIN32 /D_WINDOWS  /Zi /Ob0 /Od /RTC1 -MDd /showIncludes /FoCMakeFiles\cmTC_c37f2.dir\src.c.obj /FdCMakeFiles\cmTC_c37f2.dir\ -c -- C:\Users\debea\Documents\IMAC\IMAC_2\STAGE\libuvc_test\webcam_libuvc\build\CMakeFiles\CMakeScratch\TryCompile-buctfo\src.c
C:\Users\debea\Documents\IMAC\IMAC_2\STAGE\libuvc_test\webcam_libuvc\build\CMakeFiles\CMakeScratch\TryCompile-buctfo\src.c(1,10): fatal error: 'pthread.h' file not found
#include <pthread.h>
         ^~~~~~~~~~~
1 error generated.
ninja: build stopped: subcommand failed.


Source file was:
#include <pthread.h>

static void* test_func(void* data)
{
  return data;
}

int main(void)
{
  pthread_t thread;
  pthread_create(&thread, NULL, test_func, NULL);
  pthread_detach(thread);
  pthread_cancel(thread);
  pthread_join(thread, NULL);
  pthread_atfork(NULL, NULL, NULL);
  pthread_exit(NULL);

  return 0;
}


Determining if the function pthread_create exists in the pthreads failed with the following output:
Change Dir: C:/Users/debea/Documents/IMAC/IMAC_2/STAGE/libuvc_test/webcam_libuvc/build/CMakeFiles/CMakeScratch/TryCompile-fqw3bj

Run Build Command(s):C:/PROGRA~2/MICROS~4/2019/COMMUN~1/Common7/IDE/COMMON~1/MICROS~1/CMake/Ninja/ninja.exe cmTC_0443c && [1/2] Building C object CMakeFiles\cmTC_0443c.dir\CheckFunctionExists.c.obj
[2/2] Linking C executable cmTC_0443c.exe
FAILED: cmTC_0443c.exe 
cmd.exe /C "cd . && "C:\Program Files\CMake\bin\cmake.exe" -E vs_link_exe --intdir=CMakeFiles\cmTC_0443c.dir --rc=C:\PROGRA~2\WI3CF2~1\10\bin\100190~1.0\x86\rc.exe --mt=C:\PROGRA~2\WI3CF2~1\10\bin\100190~1.0\x86\mt.exe --manifests  -- C:\PROGRA~2\MICROS~4\2019\COMMUN~1\VC\Tools\Llvm\bin\lld-link.exe /nologo CMakeFiles\cmTC_0443c.dir\CheckFunctionExists.c.obj  /out:cmTC_0443c.exe /implib:cmTC_0443c.lib /pdb:cmTC_0443c.pdb /version:0.0 /machine:X86  /debug /INCREMENTAL /subsystem:console  pthreads.lib  kernel32.lib user32.lib gdi32.lib winspool.lib shell32.lib ole32.lib oleaut32.lib uuid.lib comdlg32.lib advapi32.lib && cd ."
LINK Pass 1: command "C:\PROGRA~2\MICROS~4\2019\COMMUN~1\VC\Tools\Llvm\bin\lld-link.exe /nologo CMakeFiles\cmTC_0443c.dir\CheckFunctionExists.c.obj /out:cmTC_0443c.exe /implib:cmTC_0443c.lib /pdb:cmTC_0443c.pdb /version:0.0 /machine:X86 /debug /INCREMENTAL /subsystem:console pthreads.lib kernel32.lib user32.lib gdi32.lib winspool.lib shell32.lib ole32.lib oleaut32.lib uuid.lib comdlg32.lib advapi32.lib /MANIFEST /MANIFESTFILE:CMakeFiles\cmTC_0443c.dir/intermediate.manifest CMakeFiles\cmTC_0443c.dir/manifest.res" failed (exit code 1) with the following output:
lld-link: error: could not open 'pthreads.lib': no such file or directory
ninja: build stopped: subcommand failed.



Determining if the function pthread_create exists in the pthread failed with the following output:
Change Dir: C:/Users/debea/Documents/IMAC/IMAC_2/STAGE/libuvc_test/webcam_libuvc/build/CMakeFiles/CMakeScratch/TryCompile-gu53sx

Run Build Command(s):C:/PROGRA~2/MICROS~4/2019/COMMUN~1/Common7/IDE/COMMON~1/MICROS~1/CMake/Ninja/ninja.exe cmTC_e2b95 && [1/2] Building C object CMakeFiles\cmTC_e2b95.dir\CheckFunctionExists.c.obj
[2/2] Linking C executable cmTC_e2b95.exe
FAILED: cmTC_e2b95.exe 
cmd.exe /C "cd . && "C:\Program Files\CMake\bin\cmake.exe" -E vs_link_exe --intdir=CMakeFiles\cmTC_e2b95.dir --rc=C:\PROGRA~2\WI3CF2~1\10\bin\100190~1.0\x86\rc.exe --mt=C:\PROGRA~2\WI3CF2~1\10\bin\100190~1.0\x86\mt.exe --manifests  -- C:\PROGRA~2\MICROS~4\2019\COMMUN~1\VC\Tools\Llvm\bin\lld-link.exe /nologo CMakeFiles\cmTC_e2b95.dir\CheckFunctionExists.c.obj  /out:cmTC_e2b95.exe /implib:cmTC_e2b95.lib /pdb:cmTC_e2b95.pdb /version:0.0 /machine:X86  /debug /INCREMENTAL /subsystem:console  pthread.lib  kernel32.lib user32.lib gdi32.lib winspool.lib shell32.lib ole32.lib oleaut32.lib uuid.lib comdlg32.lib advapi32.lib && cd ."
LINK Pass 1: command "C:\PROGRA~2\MICROS~4\2019\COMMUN~1\VC\Tools\Llvm\bin\lld-link.exe /nologo CMakeFiles\cmTC_e2b95.dir\CheckFunctionExists.c.obj /out:cmTC_e2b95.exe /implib:cmTC_e2b95.lib /pdb:cmTC_e2b95.pdb /version:0.0 /machine:X86 /debug /INCREMENTAL /subsystem:console pthread.lib kernel32.lib user32.lib gdi32.lib winspool.lib shell32.lib ole32.lib oleaut32.lib uuid.lib comdlg32.lib advapi32.lib /MANIFEST /MANIFESTFILE:CMakeFiles\cmTC_e2b95.dir/intermediate.manifest CMakeFiles\cmTC_e2b95.dir/manifest.res" failed (exit code 1) with the following output:
lld-link: error: could not open 'pthread.lib': no such file or directory
ninja: build stopped: subcommand failed.



